<?xml version="1.0" encoding="UTF-8"?>
<!-- Generated by org.testng.reporters.JUnitReportReporter -->
<testsuite hostname="DESKTOP-6NQ2HIM" failures="0" tests="2" name="Assignment6.Assignment6.MakeMyTripTest" time="47.057" errors="0" timestamp="2023-10-14T15:38:02 IST" skipped="0">
  <testcase classname="Assignment6.Assignment6.MakeMyTripTest" name="verifyFlightSelection" time="36.911"/>
  <system-out/>
  <testcase classname="Assignment6.Assignment6.MakeMyTripTest" name="verifyLogo" time="10.146"/>
  <system-out/>
</testsuite> <!-- Assignment6.Assignment6.MakeMyTripTest -->
