<?xml version="1.0" encoding="UTF-8"?>
<!-- Generated by org.testng.reporters.JUnitReportReporter -->
<testsuite hostname="DESKTOP-6NQ2HIM" failures="0" tests="2" name="assignment5test.MakeMyTripTest" time="17.170" errors="0" timestamp="2023-10-14T03:04:32 IST" skipped="0">
  <testcase classname="assignment5test.MakeMyTripTest" name="verifyFlightSelection" time="9.672"/>
  <system-out/>
  <testcase classname="assignment5test.MakeMyTripTest" name="verifyLogo" time="7.498"/>
  <system-out/>
</testsuite> <!-- assignment5test.MakeMyTripTest -->
